Started by user [8mha:////4PlKABuuWTuac4sQCoOllNFY0hTpNgFcwarjuMCpLzQEAAAAmB+LCAAAAAAAAP9b85aBtbiIQTGjNKU4P08vOT+vOD8nVc83PyU1x6OyILUoJzMv2y+/JJUBAhiZGBgqihhk0NSjKDWzXb3RdlLBUSYGJk8GtpzUvPSSDB8G5tKinBIGIZ+sxLJE/ZzEvHT94JKizLx0a6BxUmjGOUNodHsLgAyeEgYe/dLi1CL99MTSosQyAFFyuarBAAAA[0mgaurav kumar
Obtained Jenkinsfile from git https://github.com/GauravKumarQA/AutomationFrameworkUsingTestNG
org.codehaus.groovy.control.MultipleCompilationErrorsException: startup failed:
WorkflowScript: 12: Not a valid section definition: "if(${params.Env} == 'hello1'){
        stages {
            stage ('hello'){
            steps {
                echo 'Hello, Maven'
                  }
                           }
                }
                                 }
    else{
     stages {
            stage ('hello2'){
            steps {
                echo 'Hello, Maven'
                  }
                           }
         stage ('hell01'){
          echo 'Hello, Maven2'
         }
                }
    }". Some extra configuration is required. @ line 12, column 5.
       if(${params.Env} == 'hello1'){
       ^

WorkflowScript: 1: Missing required section "stages" @ line 1, column 1.
   pipeline {
   ^

2 errors

	at org.codehaus.groovy.control.ErrorCollector.failIfErrors(ErrorCollector.java:310)
	at org.codehaus.groovy.control.CompilationUnit.applyToPrimaryClassNodes(CompilationUnit.java:1085)
	at org.codehaus.groovy.control.CompilationUnit.doPhaseOperation(CompilationUnit.java:603)
	at org.codehaus.groovy.control.CompilationUnit.processPhaseOperations(CompilationUnit.java:581)
	at org.codehaus.groovy.control.CompilationUnit.compile(CompilationUnit.java:558)
	at groovy.lang.GroovyClassLoader.doParseClass(GroovyClassLoader.java:298)
	at groovy.lang.GroovyClassLoader.parseClass(GroovyClassLoader.java:268)
	at groovy.lang.GroovyShell.parseClass(GroovyShell.java:688)
	at groovy.lang.GroovyShell.parse(GroovyShell.java:700)
	at org.jenkinsci.plugins.workflow.cps.CpsGroovyShell.doParse(CpsGroovyShell.java:129)
	at org.jenkinsci.plugins.workflow.cps.CpsGroovyShell.reparse(CpsGroovyShell.java:123)
	at org.jenkinsci.plugins.workflow.cps.CpsFlowExecution.parseScript(CpsFlowExecution.java:517)
	at org.jenkinsci.plugins.workflow.cps.CpsFlowExecution.start(CpsFlowExecution.java:480)
	at org.jenkinsci.plugins.workflow.job.WorkflowRun.run(WorkflowRun.java:269)
	at hudson.model.ResourceController.execute(ResourceController.java:97)
	at hudson.model.Executor.run(Executor.java:421)
Finished: FAILURE
