[test2] Running batch script

C:\Users\Gaurav Chaudhary\.jenkins\workspace\test2>D:\maven\apache-maven-3.5.2/bin/mvn clean test 
[INFO] Scanning for projects...
[INFO] 
[INFO] ------------------------------------------------------------------------
[INFO] Building SampleProject 0.0.1-SNAPSHOT
[INFO] ------------------------------------------------------------------------
[WARNING] The POM for org.testng:testng:jar:5.14.3 is invalid, transitive dependencies (if any) will not be available, enable debug logging for more details
[WARNING] The POM for org.testng:testng:jar:5.14.4 is invalid, transitive dependencies (if any) will not be available, enable debug logging for more details
[WARNING] The POM for org.testng:testng:jar:5.14.5 is invalid, transitive dependencies (if any) will not be available, enable debug logging for more details
[WARNING] The POM for com.beust:jcommander:jar:1.66 is missing, no dependency information available
[INFO] 
[INFO] --- maven-clean-plugin:2.5:clean (default-clean) @ SampleProject ---
[INFO] Deleting C:\Users\Gaurav Chaudhary\.jenkins\workspace\test2\target
[INFO] 
[INFO] --- maven-resources-plugin:2.6:resources (default-resources) @ SampleProject ---
[INFO] Using 'UTF-8' encoding to copy filtered resources.
[INFO] skip non existing resourceDirectory C:\Users\Gaurav Chaudhary\.jenkins\workspace\test2\src\main\resources
[INFO] 
[INFO] --- maven-compiler-plugin:3.5.1:compile (default-compile) @ SampleProject ---
[INFO] Changes detected - recompiling the module!
[INFO] Compiling 1 source file to C:\Users\Gaurav Chaudhary\.jenkins\workspace\test2\target\classes
[INFO] 
[INFO] --- maven-resources-plugin:2.6:testResources (default-testResources) @ SampleProject ---
[INFO] Using 'UTF-8' encoding to copy filtered resources.
[INFO] skip non existing resourceDirectory C:\Users\Gaurav Chaudhary\.jenkins\workspace\test2\src\test\resources
[INFO] 
[INFO] --- maven-compiler-plugin:3.5.1:testCompile (default-testCompile) @ SampleProject ---
[INFO] Changes detected - recompiling the module!
[INFO] Compiling 23 source files to C:\Users\Gaurav Chaudhary\.jenkins\workspace\test2\target\test-classes
[INFO] 
[INFO] --- maven-surefire-plugin:2.19.1:test (default-test) @ SampleProject ---

-------------------------------------------------------
 T E S T S
-------------------------------------------------------
Running TestSuite

Results :

Tests run: 0, Failures: 0, Errors: 0, Skipped: 0

[INFO] ------------------------------------------------------------------------
[INFO] BUILD FAILURE
[INFO] ------------------------------------------------------------------------
[INFO] Total time: 10.700 s
[INFO] Finished at: 2018-08-09T21:57:55+05:30
[INFO] Final Memory: 28M/263M
[INFO] ------------------------------------------------------------------------
[ERROR] Failed to execute goal org.apache.maven.plugins:maven-surefire-plugin:2.19.1:test (default-test) on project SampleProject: Execution default-test of goal org.apache.maven.plugins:maven-surefire-plugin:2.19.1:test failed: There was an error in the forked process
[ERROR] org.testng.TestNGException: 
[ERROR] 
[ERROR] Cannot find class in classpath: testCases.TestAnnotations
[ERROR] 	at org.testng.xml.XmlClass.loadClass(XmlClass.java:81)
[ERROR] 	at org.testng.xml.XmlClass.init(XmlClass.java:73)
[ERROR] 	at org.testng.xml.XmlClass.<init>(XmlClass.java:59)
[ERROR] 	at org.testng.xml.TestNGContentHandler.startElement(TestNGContentHandler.java:582)
[ERROR] 	at com.sun.org.apache.xerces.internal.parsers.AbstractSAXParser.startElement(AbstractSAXParser.java:509)
[ERROR] 	at com.sun.org.apache.xerces.internal.parsers.AbstractXMLDocumentParser.emptyElement(AbstractXMLDocumentParser.java:182)
[ERROR] 	at com.sun.org.apache.xerces.internal.impl.dtd.XMLDTDValidator.emptyElement(XMLDTDValidator.java:766)
[ERROR] 	at com.sun.org.apache.xerces.internal.impl.XMLNSDocumentScannerImpl.scanStartElement(XMLNSDocumentScannerImpl.java:351)
[ERROR] 	at com.sun.org.apache.xerces.internal.impl.XMLDocumentFragmentScannerImpl$FragmentContentDriver.next(XMLDocumentFragmentScannerImpl.java:2784)
[ERROR] 	at com.sun.org.apache.xerces.internal.impl.XMLDocumentScannerImpl.next(XMLDocumentScannerImpl.java:602)
[ERROR] 	at com.sun.org.apache.xerces.internal.impl.XMLNSDocumentScannerImpl.next(XMLNSDocumentScannerImpl.java:112)
[ERROR] 	at com.sun.org.apache.xerces.internal.impl.XMLDocumentFragmentScannerImpl.scanDocument(XMLDocumentFragmentScannerImpl.java:505)
[ERROR] 	at com.sun.org.apache.xerces.internal.parsers.XML11Configuration.parse(XML11Configuration.java:841)
[ERROR] 	at com.sun.org.apache.xerces.internal.parsers.XML11Configuration.parse(XML11Configuration.java:770)
[ERROR] 	at com.sun.org.apache.xerces.internal.parsers.XMLParser.parse(XMLParser.java:141)
[ERROR] 	at com.sun.org.apache.xerces.internal.parsers.AbstractSAXParser.parse(AbstractSAXParser.java:1213)
[ERROR] 	at com.sun.org.apache.xerces.internal.jaxp.SAXParserImpl$JAXPSAXParser.parse(SAXParserImpl.java:643)
[ERROR] 	at com.sun.org.apache.xerces.internal.jaxp.SAXParserImpl.parse(SAXParserImpl.java:327)
[ERROR] 	at javax.xml.parsers.SAXParser.parse(SAXParser.java:195)
[ERROR] 	at org.testng.xml.XMLParser.parse(XMLParser.java:39)
[ERROR] 	at org.testng.xml.SuiteXmlParser.parse(SuiteXmlParser.java:16)
[ERROR] 	at org.testng.xml.SuiteXmlParser.parse(SuiteXmlParser.java:9)
[ERROR] 	at org.testng.xml.Parser.parse(Parser.java:170)
[ERROR] 	at org.testng.TestNG.initializeSuitesAndJarFile(TestNG.java:304)
[ERROR] 	at org.testng.TestNG.run(TestNG.java:1101)
[ERROR] 	at org.apache.maven.surefire.testng.TestNGExecutor.run(TestNGExecutor.java:281)
[ERROR] 	at org.apache.maven.surefire.testng.TestNGXmlTestSuite.execute(TestNGXmlTestSuite.java:75)
[ERROR] 	at org.apache.maven.surefire.testng.TestNGProvider.invoke(TestNGProvider.java:121)
[ERROR] 	at org.apache.maven.surefire.booter.ForkedBooter.invokeProviderInSameClassLoader(ForkedBooter.java:290)
[ERROR] 	at org.apache.maven.surefire.booter.ForkedBooter.runSuitesInProcess(ForkedBooter.java:242)
[ERROR] 	at org.apache.maven.surefire.booter.ForkedBooter.main(ForkedBooter.java:121)
[ERROR] 
[ERROR] -> [Help 1]
[ERROR] 
[ERROR] To see the full stack trace of the errors, re-run Maven with the -e switch.
[ERROR] Re-run Maven using the -X switch to enable full debug logging.
[ERROR] 
[ERROR] For more information about the errors and possible solutions, please read the following articles:
[ERROR] [Help 1] http://cwiki.apache.org/confluence/display/MAVEN/PluginExecutionException
