Started by user [8mha:////4PlKABuuWTuac4sQCoOllNFY0hTpNgFcwarjuMCpLzQEAAAAmB+LCAAAAAAAAP9b85aBtbiIQTGjNKU4P08vOT+vOD8nVc83PyU1x6OyILUoJzMv2y+/JJUBAhiZGBgqihhk0NSjKDWzXb3RdlLBUSYGJk8GtpzUvPSSDB8G5tKinBIGIZ+sxLJE/ZzEvHT94JKizLx0a6BxUmjGOUNodHsLgAyeEgYe/dLi1CL99MTSosQyAFFyuarBAAAA[0mgaurav kumar
Obtained Jenkinsfile from git https://github.com/GauravKumarQA/AutomationFrameworkUsingTestNG
org.codehaus.groovy.control.MultipleCompilationErrorsException: startup failed:
WorkflowScript: 13: Expected a stage @ line 13, column 10.
            def mavenHome = tool name: 'M2_HOME', type: 'maven'
            ^

WorkflowScript: 14: Unknown stage section "git". Starting with version 0.5, steps in a stage must be in a steps block. @ line 14, column 9.
           stage ('Pull from git hub'){
           ^

WorkflowScript: 14: No "steps" or "parallel" to execute within stage "Pull from git hub" @ line 14, column 9.
           stage ('Pull from git hub'){
           ^

3 errors

	at org.codehaus.groovy.control.ErrorCollector.failIfErrors(ErrorCollector.java:310)
	at org.codehaus.groovy.control.CompilationUnit.applyToPrimaryClassNodes(CompilationUnit.java:1085)
	at org.codehaus.groovy.control.CompilationUnit.doPhaseOperation(CompilationUnit.java:603)
	at org.codehaus.groovy.control.CompilationUnit.processPhaseOperations(CompilationUnit.java:581)
	at org.codehaus.groovy.control.CompilationUnit.compile(CompilationUnit.java:558)
	at groovy.lang.GroovyClassLoader.doParseClass(GroovyClassLoader.java:298)
	at groovy.lang.GroovyClassLoader.parseClass(GroovyClassLoader.java:268)
	at groovy.lang.GroovyShell.parseClass(GroovyShell.java:688)
	at groovy.lang.GroovyShell.parse(GroovyShell.java:700)
	at org.jenkinsci.plugins.workflow.cps.CpsGroovyShell.doParse(CpsGroovyShell.java:129)
	at org.jenkinsci.plugins.workflow.cps.CpsGroovyShell.reparse(CpsGroovyShell.java:123)
	at org.jenkinsci.plugins.workflow.cps.CpsFlowExecution.parseScript(CpsFlowExecution.java:517)
	at org.jenkinsci.plugins.workflow.cps.CpsFlowExecution.start(CpsFlowExecution.java:480)
	at org.jenkinsci.plugins.workflow.job.WorkflowRun.run(WorkflowRun.java:269)
	at hudson.model.ResourceController.execute(ResourceController.java:97)
	at hudson.model.Executor.run(Executor.java:421)
Finished: FAILURE
