<?xml version='1.0' encoding='UTF-8'?>
<result plugin="junit@1.23">
  <suites>
    <suite>
      <file>E:\tpWorkSpace\AutomationFrameworkUsingTestNG\target\surefire-reports\TEST-TestSuite.xml</file>
      <name>TestSuite</name>
      <duration>0.808</duration>
      <time>0.808</time>
      <enclosingBlocks/>
      <enclosingBlockNames/>
      <cases>
        <case>
          <duration>0.022</duration>
          <className>tests.inheritTestNg.TestValue</className>
          <testName>testuif</testName>
          <skipped>false</skipped>
          <errorStackTrace>java.lang.AssertionError: null
	at tests.inheritTestNg.TestValue.testuif(TestValue.java:11)
</errorStackTrace>
          <stdout>12345678----chromeTest
</stdout>
          <failedSince>5</failedSince>
        </case>
      </cases>
    </suite>
  </suites>
  <duration>0.808</duration>
  <keepLongStdio>false</keepLongStdio>
</result>