Started by user [8mha:////4PlKABuuWTuac4sQCoOllNFY0hTpNgFcwarjuMCpLzQEAAAAmB+LCAAAAAAAAP9b85aBtbiIQTGjNKU4P08vOT+vOD8nVc83PyU1x6OyILUoJzMv2y+/JJUBAhiZGBgqihhk0NSjKDWzXb3RdlLBUSYGJk8GtpzUvPSSDB8G5tKinBIGIZ+sxLJE/ZzEvHT94JKizLx0a6BxUmjGOUNodHsLgAyeEgYe/dLi1CL99MTSosQyAFFyuarBAAAA[0mgaurav kumar
Obtained Jenkinsfile from git https://github.com/GauravKumarQA/AutomationFrameworkUsingTestNG
[8mha:////4BqQEwdNAYsnse8+hN7KSnKeDMcov3WRcRmNHcosd2rAAAAAaB+LCAAAAAAAAP9b85aBtbiIwTG/KF0vKzUvOzOvODlTryCnNB3I0ivPL8pOy8kv18vKT9JLzs8rzs9J1QuHCgaV5jlDhPzyS1IZIICRiYGhoohBKqM0pTg/D64Hh8ICAFt0h+h/AAAA[0m[Pipeline] node
Running on [8mha:////4ClANcZ+/HRniPCWsGKg0H/scGA5lRv0jQawK7WPYurxAAAAnh+LCAAAAAAAAP9b85aBtbiIQTGjNKU4P08vOT+vOD8nVc83PyU1x6OyILUoJzMv2y+/JJUBAhiZGBgqihhk0NSjKDWzXb3RdlLBUSYGJk8GtpzUvPSSDB8G5tKinBIGIZ+sxLJE/ZzEvHT94JKizLx0a6BxUmjGOUNodHsLgAz2EgZh/eT83ILSktQifY3cxGIgrakPAHib2iPIAAAA[0mJenkins in C:\Users\Gaurav Chaudhary\.jenkins\workspace\test2
[8mha:////4BqQEwdNAYsnse8+hN7KSnKeDMcov3WRcRmNHcosd2rAAAAAaB+LCAAAAAAAAP9b85aBtbiIwTG/KF0vKzUvOzOvODlTryCnNB3I0ivPL8pOy8kv18vKT9JLzs8rzs9J1QuHCgaV5jlDhPzyS1IZIICRiYGhoohBKqM0pTg/D64Hh8ICAFt0h+h/AAAA[0m[Pipeline] {
[8mha:////4BqQEwdNAYsnse8+hN7KSnKeDMcov3WRcRmNHcosd2rAAAAAaB+LCAAAAAAAAP9b85aBtbiIwTG/KF0vKzUvOzOvODlTryCnNB3I0ivPL8pOy8kv18vKT9JLzs8rzs9J1QuHCgaV5jlDhPzyS1IZIICRiYGhoohBKqM0pTg/D64Hh8ICAFt0h+h/AAAA[0m[Pipeline] properties
[8mha:////4BqQEwdNAYsnse8+hN7KSnKeDMcov3WRcRmNHcosd2rAAAAAaB+LCAAAAAAAAP9b85aBtbiIwTG/KF0vKzUvOzOvODlTryCnNB3I0ivPL8pOy8kv18vKT9JLzs8rzs9J1QuHCgaV5jlDhPzyS1IZIICRiYGhoohBKqM0pTg/D64Hh8ICAFt0h+h/AAAA[0m[Pipeline] stage
[8mha:////4BqQEwdNAYsnse8+hN7KSnKeDMcov3WRcRmNHcosd2rAAAAAaB+LCAAAAAAAAP9b85aBtbiIwTG/KF0vKzUvOzOvODlTryCnNB3I0ivPL8pOy8kv18vKT9JLzs8rzs9J1QuHCgaV5jlDhPzyS1IZIICRiYGhoohBKqM0pTg/D64Hh8ICAFt0h+h/AAAA[0m[Pipeline] { (Pull from git hub)
[8mha:////4BqQEwdNAYsnse8+hN7KSnKeDMcov3WRcRmNHcosd2rAAAAAaB+LCAAAAAAAAP9b85aBtbiIwTG/KF0vKzUvOzOvODlTryCnNB3I0ivPL8pOy8kv18vKT9JLzs8rzs9J1QuHCgaV5jlDhPzyS1IZIICRiYGhoohBKqM0pTg/D64Hh8ICAFt0h+h/AAAA[0m[Pipeline] git
 > C:\Program Files\Git\bin\git.exe rev-parse --is-inside-work-tree # timeout=10
Fetching changes from the remote Git repository
 > C:\Program Files\Git\bin\git.exe config remote.origin.url https://github.com/GauravKumarQA/AutomationFrameworkUsingTestNG # timeout=10
Fetching upstream changes from https://github.com/GauravKumarQA/AutomationFrameworkUsingTestNG
 > C:\Program Files\Git\bin\git.exe --version # timeout=10
 > C:\Program Files\Git\bin\git.exe fetch --tags --progress https://github.com/GauravKumarQA/AutomationFrameworkUsingTestNG +refs/heads/*:refs/remotes/origin/*
 > C:\Program Files\Git\bin\git.exe rev-parse "refs/remotes/origin/master^{commit}" # timeout=10
 > C:\Program Files\Git\bin\git.exe rev-parse "refs/remotes/origin/origin/master^{commit}" # timeout=10
Checking out Revision 7c26c462e3fe47df0e28fe369c9e286c4305da37 (refs/remotes/origin/master)
 > C:\Program Files\Git\bin\git.exe config core.sparsecheckout # timeout=10
 > C:\Program Files\Git\bin\git.exe checkout -f 7c26c462e3fe47df0e28fe369c9e286c4305da37
 > C:\Program Files\Git\bin\git.exe branch -a -v --no-abbrev # timeout=10
 > C:\Program Files\Git\bin\git.exe branch -D master # timeout=10
 > C:\Program Files\Git\bin\git.exe checkout -b master 7c26c462e3fe47df0e28fe369c9e286c4305da37
Commit message: "Update Jenkinsfile"
 > C:\Program Files\Git\bin\git.exe rev-list 33244670fc605b1e28ae150535a1e45712ccbfdc # timeout=10
[8mha:////4BqQEwdNAYsnse8+hN7KSnKeDMcov3WRcRmNHcosd2rAAAAAaB+LCAAAAAAAAP9b85aBtbiIwTG/KF0vKzUvOzOvODlTryCnNB3I0ivPL8pOy8kv18vKT9JLzs8rzs9J1QuHCgaV5jlDhPzyS1IZIICRiYGhoohBKqM0pTg/D64Hh8ICAFt0h+h/AAAA[0m[Pipeline] }
[8mha:////4BqQEwdNAYsnse8+hN7KSnKeDMcov3WRcRmNHcosd2rAAAAAaB+LCAAAAAAAAP9b85aBtbiIwTG/KF0vKzUvOzOvODlTryCnNB3I0ivPL8pOy8kv18vKT9JLzs8rzs9J1QuHCgaV5jlDhPzyS1IZIICRiYGhoohBKqM0pTg/D64Hh8ICAFt0h+h/AAAA[0m[Pipeline] // stage
[8mha:////4BqQEwdNAYsnse8+hN7KSnKeDMcov3WRcRmNHcosd2rAAAAAaB+LCAAAAAAAAP9b85aBtbiIwTG/KF0vKzUvOzOvODlTryCnNB3I0ivPL8pOy8kv18vKT9JLzs8rzs9J1QuHCgaV5jlDhPzyS1IZIICRiYGhoohBKqM0pTg/D64Hh8ICAFt0h+h/AAAA[0m[Pipeline] stage
[8mha:////4BqQEwdNAYsnse8+hN7KSnKeDMcov3WRcRmNHcosd2rAAAAAaB+LCAAAAAAAAP9b85aBtbiIwTG/KF0vKzUvOzOvODlTryCnNB3I0ivPL8pOy8kv18vKT9JLzs8rzs9J1QuHCgaV5jlDhPzyS1IZIICRiYGhoohBKqM0pTg/D64Hh8ICAFt0h+h/AAAA[0m[Pipeline] { (Maven test)
[8mha:////4BqQEwdNAYsnse8+hN7KSnKeDMcov3WRcRmNHcosd2rAAAAAaB+LCAAAAAAAAP9b85aBtbiIwTG/KF0vKzUvOzOvODlTryCnNB3I0ivPL8pOy8kv18vKT9JLzs8rzs9J1QuHCgaV5jlDhPzyS1IZIICRiYGhoohBKqM0pTg/D64Hh8ICAFt0h+h/AAAA[0m[Pipeline] tool
[8mha:////4BqQEwdNAYsnse8+hN7KSnKeDMcov3WRcRmNHcosd2rAAAAAaB+LCAAAAAAAAP9b85aBtbiIwTG/KF0vKzUvOzOvODlTryCnNB3I0ivPL8pOy8kv18vKT9JLzs8rzs9J1QuHCgaV5jlDhPzyS1IZIICRiYGhoohBKqM0pTg/D64Hh8ICAFt0h+h/AAAA[0m[Pipeline] bat
[test2] Running batch script

C:\Users\Gaurav Chaudhary\.jenkins\workspace\test2>D:\maven\apache-maven-3.5.2/bin/mvn clean test -Denv=interface com.cloudbees.groovy.cps.Env  -DbrowserName=chrome 
[INFO] Scanning for projects...
[INFO] 
[INFO] ------------------------------------------------------------------------
[INFO] Building SampleProject 0.0.1-SNAPSHOT
[INFO] ------------------------------------------------------------------------
[INFO] ------------------------------------------------------------------------
[INFO] BUILD FAILURE
[INFO] ------------------------------------------------------------------------
[INFO] Total time: 0.132 s
[INFO] Finished at: 2018-08-09T22:48:15+05:30
[INFO] Final Memory: 7M/145M
[INFO] ------------------------------------------------------------------------
[ERROR] Unknown lifecycle phase "com.cloudbees.groovy.cps.Env". You must specify a valid lifecycle phase or a goal in the format <plugin-prefix>:<goal> or <plugin-group-id>:<plugin-artifact-id>[:<plugin-version>]:<goal>. Available lifecycle phases are: validate, initialize, generate-sources, process-sources, generate-resources, process-resources, compile, process-classes, generate-test-sources, process-test-sources, generate-test-resources, process-test-resources, test-compile, process-test-classes, test, prepare-package, package, pre-integration-test, integration-test, post-integration-test, verify, install, deploy, pre-clean, clean, post-clean, pre-site, site, post-site, site-deploy. -> [Help 1]
[ERROR] 
[ERROR] To see the full stack trace of the errors, re-run Maven with the -e switch.
[ERROR] Re-run Maven using the -X switch to enable full debug logging.
[ERROR] 
[ERROR] For more information about the errors and possible solutions, please read the following articles:
[ERROR] [Help 1] http://cwiki.apache.org/confluence/display/MAVEN/LifecyclePhaseNotFoundException
[8mha:////4BqQEwdNAYsnse8+hN7KSnKeDMcov3WRcRmNHcosd2rAAAAAaB+LCAAAAAAAAP9b85aBtbiIwTG/KF0vKzUvOzOvODlTryCnNB3I0ivPL8pOy8kv18vKT9JLzs8rzs9J1QuHCgaV5jlDhPzyS1IZIICRiYGhoohBKqM0pTg/D64Hh8ICAFt0h+h/AAAA[0m[Pipeline] }
[8mha:////4BqQEwdNAYsnse8+hN7KSnKeDMcov3WRcRmNHcosd2rAAAAAaB+LCAAAAAAAAP9b85aBtbiIwTG/KF0vKzUvOzOvODlTryCnNB3I0ivPL8pOy8kv18vKT9JLzs8rzs9J1QuHCgaV5jlDhPzyS1IZIICRiYGhoohBKqM0pTg/D64Hh8ICAFt0h+h/AAAA[0m[Pipeline] // stage
[8mha:////4BqQEwdNAYsnse8+hN7KSnKeDMcov3WRcRmNHcosd2rAAAAAaB+LCAAAAAAAAP9b85aBtbiIwTG/KF0vKzUvOzOvODlTryCnNB3I0ivPL8pOy8kv18vKT9JLzs8rzs9J1QuHCgaV5jlDhPzyS1IZIICRiYGhoohBKqM0pTg/D64Hh8ICAFt0h+h/AAAA[0m[Pipeline] }
[8mha:////4BqQEwdNAYsnse8+hN7KSnKeDMcov3WRcRmNHcosd2rAAAAAaB+LCAAAAAAAAP9b85aBtbiIwTG/KF0vKzUvOzOvODlTryCnNB3I0ivPL8pOy8kv18vKT9JLzs8rzs9J1QuHCgaV5jlDhPzyS1IZIICRiYGhoohBKqM0pTg/D64Hh8ICAFt0h+h/AAAA[0m[Pipeline] // node
[8mha:////4BqQEwdNAYsnse8+hN7KSnKeDMcov3WRcRmNHcosd2rAAAAAaB+LCAAAAAAAAP9b85aBtbiIwTG/KF0vKzUvOzOvODlTryCnNB3I0ivPL8pOy8kv18vKT9JLzs8rzs9J1QuHCgaV5jlDhPzyS1IZIICRiYGhoohBKqM0pTg/D64Hh8ICAFt0h+h/AAAA[0m[Pipeline] End of Pipeline
ERROR: script returned exit code 1
[8mha:////4LqSZud29TYmi4xXolAnZdlzraQqyVX8cedYoX3V5qKpAAAAVx+LCAAAAAAAAP9b85aBtbiIQSmjNKU4P08vOT+vOD8nVc8DzHWtSE4tKMnMz/PLL0mV3NWzufebKBsTA0NFEYMUmgZnCA1SyAABjCCFBQC2xNaiYAAAAA==[0mFinished: FAILURE
